=== puma startup: 2018-07-02 17:37:37 +0000 ===
DEPRECATION WARNING: The configuration option `config.serve_static_assets` has been renamed to `config.serve_static_files` to clarify its role (it merely enables serving everything in the `public` folder and is unrelated to the asset pipeline). The `serve_static_assets` alias will be removed in Rails 5.0. Please migrate your configuration files accordingly. (called from block in <top (required)> at /home/ec2-user/QBWC_Test/config/environments/production.rb:33)
DEPRECATION WARNING: The configuration option `config.serve_static_assets` has been renamed to `config.serve_static_files` to clarify its role (it merely enables serving everything in the `public` folder and is unrelated to the asset pipeline). The `serve_static_assets` alias will be removed in Rails 5.0. Please migrate your configuration files accordingly. (called from block in <top (required)> at /home/ec2-user/QBWC_Test/config/environments/production.rb:33)
/home/ec2-user/QBWC_Test/app/workers/account_worker.rb:10: warning: already initialized constant AccountWorker::LastUpdate
/home/ec2-user/QBWC_Test/app/workers/account_worker.rb:9: warning: previous definition of LastUpdate was here
/home/ec2-user/QBWC_Test/app/workers/credit_memo_loader.rb:15: warning: already initialized constant CreditMemoLoader::LastUpdate
/home/ec2-user/QBWC_Test/app/workers/credit_memo_loader.rb:14: warning: previous definition of LastUpdate was here
/home/ec2-user/QBWC_Test/app/workers/customer_update_worker.rb:11: warning: already initialized constant CustomerUpdateWorker::LastUpdate
/home/ec2-user/QBWC_Test/app/workers/customer_update_worker.rb:10: warning: previous definition of LastUpdate was here
/home/ec2-user/QBWC_Test/app/workers/inv_site_worker.rb:10: warning: already initialized constant InvSiteWorker::LastUpdate
/home/ec2-user/QBWC_Test/app/workers/inv_site_worker.rb:9: warning: previous definition of LastUpdate was here
/home/ec2-user/QBWC_Test/app/workers/invoice_detail_loader.rb:15: warning: already initialized constant InvoiceDetailLoader::LastUpdate
/home/ec2-user/QBWC_Test/app/workers/invoice_detail_loader.rb:14: warning: previous definition of LastUpdate was here
/home/ec2-user/QBWC_Test/app/workers/item_assembly_worker.rb:10: warning: already initialized constant ItemAssemblyWorker::LastUpdate
/home/ec2-user/QBWC_Test/app/workers/item_assembly_worker.rb:9: warning: previous definition of LastUpdate was here
/home/ec2-user/QBWC_Test/app/workers/account_worker.rb:10: warning: already initialized constant AccountWorker::LastUpdate
/home/ec2-user/QBWC_Test/app/workers/account_worker.rb:9: warning: previous definition of LastUpdate was here
/home/ec2-user/QBWC_Test/app/workers/journal_worker.rb:10: warning: already initialized constant JournalWorker::LastUpdate
/home/ec2-user/QBWC_Test/app/workers/journal_worker.rb:9: warning: previous definition of LastUpdate was here
/home/ec2-user/QBWC_Test/app/workers/credit_memo_loader.rb:15: warning: already initialized constant CreditMemoLoader::LastUpdate
/home/ec2-user/QBWC_Test/app/workers/credit_memo_loader.rb:14: warning: previous definition of LastUpdate was here
/home/ec2-user/QBWC_Test/app/workers/list_delete_worker.rb:10: warning: already initialized constant ListDeleteWorker::LastUpdate
/home/ec2-user/QBWC_Test/app/workers/list_delete_worker.rb:9: warning: previous definition of LastUpdate was here
/home/ec2-user/QBWC_Test/app/workers/customer_update_worker.rb:11: warning: already initialized constant CustomerUpdateWorker::LastUpdate
/home/ec2-user/QBWC_Test/app/workers/customer_update_worker.rb:10: warning: previous definition of LastUpdate was here
/home/ec2-user/QBWC_Test/app/workers/inv_site_worker.rb:10: warning: already initialized constant InvSiteWorker::LastUpdate
/home/ec2-user/QBWC_Test/app/workers/inv_site_worker.rb:9: warning: previous definition of LastUpdate was here
/home/ec2-user/QBWC_Test/app/workers/sales_order_loader.rb:17: warning: already initialized constant SalesOrderLoader::LastUpdate
/home/ec2-user/QBWC_Test/app/workers/sales_order_loader.rb:16: warning: previous definition of LastUpdate was here
/home/ec2-user/QBWC_Test/app/workers/invoice_detail_loader.rb:15: warning: already initialized constant InvoiceDetailLoader::LastUpdate
/home/ec2-user/QBWC_Test/app/workers/invoice_detail_loader.rb:14: warning: previous definition of LastUpdate was here
/home/ec2-user/QBWC_Test/app/workers/sales_receipt_worker.rb:15: warning: already initialized constant SalesReceiptWorker::LastUpdate
/home/ec2-user/QBWC_Test/app/workers/sales_receipt_worker.rb:14: warning: previous definition of LastUpdate was here
/home/ec2-user/QBWC_Test/app/workers/item_assembly_worker.rb:10: warning: already initialized constant ItemAssemblyWorker::LastUpdate
/home/ec2-user/QBWC_Test/app/workers/item_assembly_worker.rb:9: warning: previous definition of LastUpdate was here
/home/ec2-user/QBWC_Test/app/workers/txn_delete_worker.rb:10: warning: already initialized constant TxnDeleteWorker::LastUpdate
/home/ec2-user/QBWC_Test/app/workers/txn_delete_worker.rb:9: warning: previous definition of LastUpdate was here
/home/ec2-user/QBWC_Test/app/workers/journal_worker.rb:10: warning: already initialized constant JournalWorker::LastUpdate
/home/ec2-user/QBWC_Test/app/workers/journal_worker.rb:9: warning: previous definition of LastUpdate was here
/home/ec2-user/QBWC_Test/app/workers/vendor_worker.rb:11: warning: already initialized constant VendorWorker::LastUpdate
/home/ec2-user/QBWC_Test/app/workers/vendor_worker.rb:10: warning: previous definition of LastUpdate was here
/home/ec2-user/QBWC_Test/app/workers/list_delete_worker.rb:10: warning: already initialized constant ListDeleteWorker::LastUpdate
/home/ec2-user/QBWC_Test/app/workers/list_delete_worker.rb:9: warning: previous definition of LastUpdate was here
/home/ec2-user/QBWC_Test/app/workers/sales_order_loader.rb:17: warning: already initialized constant SalesOrderLoader::LastUpdate
/home/ec2-user/QBWC_Test/app/workers/sales_order_loader.rb:16: warning: previous definition of LastUpdate was here
/home/ec2-user/QBWC_Test/app/workers/sales_receipt_worker.rb:15: warning: already initialized constant SalesReceiptWorker::LastUpdate
/home/ec2-user/QBWC_Test/app/workers/sales_receipt_worker.rb:14: warning: previous definition of LastUpdate was here
/home/ec2-user/QBWC_Test/app/workers/txn_delete_worker.rb:10: warning: already initialized constant TxnDeleteWorker::LastUpdate
/home/ec2-user/QBWC_Test/app/workers/txn_delete_worker.rb:9: warning: previous definition of LastUpdate was here
/home/ec2-user/QBWC_Test/app/workers/vendor_worker.rb:11: warning: already initialized constant VendorWorker::LastUpdate
/home/ec2-user/QBWC_Test/app/workers/vendor_worker.rb:10: warning: previous definition of LastUpdate was here
=== puma startup: 2018-07-02 17:45:49 +0000 ===
DEPRECATION WARNING: The configuration option `config.serve_static_assets` has been renamed to `config.serve_static_files` to clarify its role (it merely enables serving everything in the `public` folder and is unrelated to the asset pipeline). The `serve_static_assets` alias will be removed in Rails 5.0. Please migrate your configuration files accordingly. (called from block in <top (required)> at /home/ec2-user/QBWC_Test/config/environments/production.rb:33)
DEPRECATION WARNING: The configuration option `config.serve_static_assets` has been renamed to `config.serve_static_files` to clarify its role (it merely enables serving everything in the `public` folder and is unrelated to the asset pipeline). The `serve_static_assets` alias will be removed in Rails 5.0. Please migrate your configuration files accordingly. (called from block in <top (required)> at /home/ec2-user/QBWC_Test/config/environments/production.rb:33)
/home/ec2-user/QBWC_Test/app/workers/account_worker.rb:10: warning: already initialized constant AccountWorker::LastUpdate
/home/ec2-user/QBWC_Test/app/workers/account_worker.rb:9: warning: previous definition of LastUpdate was here
/home/ec2-user/QBWC_Test/app/workers/account_worker.rb:10: warning: already initialized constant AccountWorker::LastUpdate
/home/ec2-user/QBWC_Test/app/workers/account_worker.rb:9: warning: previous definition of LastUpdate was here
/home/ec2-user/QBWC_Test/app/workers/credit_memo_loader.rb:15: warning: already initialized constant CreditMemoLoader::LastUpdate
/home/ec2-user/QBWC_Test/app/workers/credit_memo_loader.rb:14: warning: previous definition of LastUpdate was here
/home/ec2-user/QBWC_Test/app/workers/credit_memo_loader.rb:15: warning: already initialized constant CreditMemoLoader::LastUpdate
/home/ec2-user/QBWC_Test/app/workers/credit_memo_loader.rb:14: warning: previous definition of LastUpdate was here
/home/ec2-user/QBWC_Test/app/workers/customer_update_worker.rb:11: warning: already initialized constant CustomerUpdateWorker::LastUpdate
/home/ec2-user/QBWC_Test/app/workers/customer_update_worker.rb:10: warning: previous definition of LastUpdate was here
/home/ec2-user/QBWC_Test/app/workers/customer_update_worker.rb:11: warning: already initialized constant CustomerUpdateWorker::LastUpdate
/home/ec2-user/QBWC_Test/app/workers/customer_update_worker.rb:10: warning: previous definition of LastUpdate was here
/home/ec2-user/QBWC_Test/app/workers/inv_site_worker.rb:10: warning: already initialized constant InvSiteWorker::LastUpdate
/home/ec2-user/QBWC_Test/app/workers/inv_site_worker.rb:9: warning: previous definition of LastUpdate was here
/home/ec2-user/QBWC_Test/app/workers/inv_site_worker.rb:10: warning: already initialized constant InvSiteWorker::LastUpdate
/home/ec2-user/QBWC_Test/app/workers/inv_site_worker.rb:9: warning: previous definition of LastUpdate was here
/home/ec2-user/QBWC_Test/app/workers/invoice_detail_loader.rb:15: warning: already initialized constant InvoiceDetailLoader::LastUpdate
/home/ec2-user/QBWC_Test/app/workers/invoice_detail_loader.rb:14: warning: previous definition of LastUpdate was here
/home/ec2-user/QBWC_Test/app/workers/invoice_detail_loader.rb:15: warning: already initialized constant InvoiceDetailLoader::LastUpdate
/home/ec2-user/QBWC_Test/app/workers/invoice_detail_loader.rb:14: warning: previous definition of LastUpdate was here
/home/ec2-user/QBWC_Test/app/workers/item_assembly_worker.rb:10: warning: already initialized constant ItemAssemblyWorker::LastUpdate
/home/ec2-user/QBWC_Test/app/workers/item_assembly_worker.rb:9: warning: previous definition of LastUpdate was here
/home/ec2-user/QBWC_Test/app/workers/item_assembly_worker.rb:10: warning: already initialized constant ItemAssemblyWorker::LastUpdate
/home/ec2-user/QBWC_Test/app/workers/item_assembly_worker.rb:9: warning: previous definition of LastUpdate was here
/home/ec2-user/QBWC_Test/app/workers/journal_worker.rb:10: warning: already initialized constant JournalWorker::LastUpdate
/home/ec2-user/QBWC_Test/app/workers/journal_worker.rb:10: warning: already initialized constant JournalWorker::LastUpdate
/home/ec2-user/QBWC_Test/app/workers/journal_worker.rb:9: warning: previous definition of LastUpdate was here
/home/ec2-user/QBWC_Test/app/workers/journal_worker.rb:9: warning: previous definition of LastUpdate was here
/home/ec2-user/QBWC_Test/app/workers/list_delete_worker.rb:10: warning: already initialized constant ListDeleteWorker::LastUpdate
/home/ec2-user/QBWC_Test/app/workers/list_delete_worker.rb:9: warning: previous definition of LastUpdate was here
/home/ec2-user/QBWC_Test/app/workers/list_delete_worker.rb:10: warning: already initialized constant ListDeleteWorker::LastUpdate
/home/ec2-user/QBWC_Test/app/workers/list_delete_worker.rb:9: warning: previous definition of LastUpdate was here
/home/ec2-user/QBWC_Test/app/workers/sales_order_loader.rb:17: warning: already initialized constant SalesOrderLoader::LastUpdate
/home/ec2-user/QBWC_Test/app/workers/sales_order_loader.rb:17: warning: already initialized constant SalesOrderLoader::LastUpdate
/home/ec2-user/QBWC_Test/app/workers/sales_order_loader.rb:16: warning: previous definition of LastUpdate was here
/home/ec2-user/QBWC_Test/app/workers/sales_order_loader.rb:16: warning: previous definition of LastUpdate was here
/home/ec2-user/QBWC_Test/app/workers/sales_receipt_worker.rb:15: warning: already initialized constant SalesReceiptWorker::LastUpdate
/home/ec2-user/QBWC_Test/app/workers/sales_receipt_worker.rb:15: warning: already initialized constant SalesReceiptWorker::LastUpdate
/home/ec2-user/QBWC_Test/app/workers/sales_receipt_worker.rb:14: warning: previous definition of LastUpdate was here
/home/ec2-user/QBWC_Test/app/workers/sales_receipt_worker.rb:14: warning: previous definition of LastUpdate was here
/home/ec2-user/QBWC_Test/app/workers/txn_delete_worker.rb:10: warning: already initialized constant TxnDeleteWorker::LastUpdate
/home/ec2-user/QBWC_Test/app/workers/txn_delete_worker.rb:9: warning: previous definition of LastUpdate was here
/home/ec2-user/QBWC_Test/app/workers/txn_delete_worker.rb:10: warning: already initialized constant TxnDeleteWorker::LastUpdate
/home/ec2-user/QBWC_Test/app/workers/txn_delete_worker.rb:9: warning: previous definition of LastUpdate was here
/home/ec2-user/QBWC_Test/app/workers/vendor_worker.rb:11: warning: already initialized constant VendorWorker::LastUpdate
/home/ec2-user/QBWC_Test/app/workers/vendor_worker.rb:10: warning: previous definition of LastUpdate was here
/home/ec2-user/QBWC_Test/app/workers/vendor_worker.rb:11: warning: already initialized constant VendorWorker::LastUpdate
/home/ec2-user/QBWC_Test/app/workers/vendor_worker.rb:10: warning: previous definition of LastUpdate was here
